This is XeTeX, Version 3.141592653-2.6-0.999993 (TeX Live 2021/Arch Linux) (preloaded format=xelatex 2021.9.28)  29 SEP 2021 21:06
entering extended mode
 restricted \write18 enabled.
 %&-line parsing enabled.
**questions_filtered.tex
(./questions_filtered.tex
LaTeX2e <2020-10-01> patch level 4
L3 programming layer <2021-02-18>
(/usr/share/texmf-dist/tex/latex/base/article.cls
Document Class: article 2020/04/10 v1.4m Standard LaTeX document class
(/usr/share/texmf-dist/tex/latex/base/size10.clo
File: size10.clo 2020/04/10 v1.4m Standard LaTeX file (size option)
)
\c@part=\count175
\c@section=\count176
\c@subsection=\count177
\c@subsubsection=\count178
\c@paragraph=\count179
\c@subparagraph=\count180
\c@figure=\count181
\c@table=\count182
\abovecaptionskip=\skip47
\belowcaptionskip=\skip48
\bibindent=\dimen138
)
(/usr/share/texmf-dist/tex/xelatex/xltxtra/xltxtra.sty
Package: xltxtra 2018/12/31 v0.7 Improvements for the "XeLaTeX" format

(/usr/share/texmf-dist/tex/generic/iftex/ifluatex.sty
Package: ifluatex 2019/10/25 v1.5 ifluatex legacy package. Use iftex instead.

(/usr/share/texmf-dist/tex/generic/iftex/iftex.sty
Package: iftex 2020/03/06 v1.0d TeX engine tests
))
(/usr/share/texmf-dist/tex/generic/iftex/ifxetex.sty
Package: ifxetex 2019/10/25 v0.7 ifxetex legacy package. Use iftex instead.
)
(/usr/share/texmf-dist/tex/latex/fontspec/fontspec.sty
(/usr/share/texmf-dist/tex/latex/l3packages/xparse/xparse.sty
(/usr/share/texmf-dist/tex/latex/l3kernel/expl3.sty
Package: expl3 2021-02-18 L3 programming layer (loader) 

(/usr/share/texmf-dist/tex/latex/l3backend/l3backend-xetex.def
File: l3backend-xetex.def 2021-03-18 L3 backend support: XeTeX

(|extractbb --version)
\c__kernel_sys_dvipdfmx_version_int=\count183
\l__color_backend_stack_int=\count184
\g__color_backend_stack_int=\count185
\g__graphics_track_int=\count186
\l__pdf_internal_box=\box47
\g__pdf_backend_object_int=\count187
\g__pdf_backend_annotation_int=\count188
\g__pdf_backend_link_int=\count189
))
(/usr/share/texmf-dist/tex/latex/l3packages/xparse/xparse-2020-10-01.sty
(/usr/share/texmf-dist/tex/latex/l3packages/xparse/xparse-generic.tex)))
Package: fontspec 2020/02/21 v2.7i Font selection for XeLaTeX and LuaLaTeX

(/usr/share/texmf-dist/tex/latex/fontspec/fontspec-xetex.sty
Package: fontspec-xetex 2020/02/21 v2.7i Font selection for XeLaTeX and LuaLaTe
X
\l__fontspec_script_int=\count190
\l__fontspec_language_int=\count191
\l__fontspec_strnum_int=\count192
\l__fontspec_tmp_int=\count193
\l__fontspec_tmpa_int=\count194
\l__fontspec_tmpb_int=\count195
\l__fontspec_tmpc_int=\count196
\l__fontspec_em_int=\count197
\l__fontspec_emdef_int=\count198
\l__fontspec_strong_int=\count199
\l__fontspec_strongdef_int=\count266
\l__fontspec_tmpa_dim=\dimen139
\l__fontspec_tmpb_dim=\dimen140
\l__fontspec_tmpc_dim=\dimen141

(/usr/share/texmf-dist/tex/latex/base/fontenc.sty
Package: fontenc 2020/08/10 v2.0s Standard LaTeX package
)
(/usr/share/texmf-dist/tex/latex/fontspec/fontspec.cfg)))
(/usr/share/texmf-dist/tex/latex/realscripts/realscripts.sty
Package: realscripts 2016/02/13 v0.3d Access OpenType subscripts and superscrip
ts
\subsupersep=\dimen142
)
(/usr/share/texmf-dist/tex/latex/metalogo/metalogo.sty
Package: metalogo 2010/05/29 v0.12 Extended TeX logo macros

(/usr/share/texmf-dist/tex/latex/graphics/graphicx.sty
Package: graphicx 2020/09/09 v1.2b Enhanced LaTeX Graphics (DPC,SPQR)

(/usr/share/texmf-dist/tex/latex/graphics/keyval.sty
Package: keyval 2014/10/28 v1.15 key=value parser (DPC)
\KV@toks@=\toks15
)
(/usr/share/texmf-dist/tex/latex/graphics/graphics.sty
Package: graphics 2020/08/30 v1.4c Standard LaTeX Graphics (DPC,SPQR)

(/usr/share/texmf-dist/tex/latex/graphics/trig.sty
Package: trig 2016/01/03 v1.10 sin cos tan (DPC)
)
(/usr/share/texmf-dist/tex/latex/graphics-cfg/graphics.cfg
File: graphics.cfg 2016/06/04 v1.11 sample graphics configuration
)
Package graphics Info: Driver file: xetex.def on input line 105.

(/usr/share/texmf-dist/tex/latex/graphics-def/xetex.def
File: xetex.def 2021/03/18 v5.0k Graphics/color driver for xetex
))
\Gin@req@height=\dimen143
\Gin@req@width=\dimen144
)
\xl@everylogo=\toks16
\xl@@everylogo=\toks17
LaTeX Info: Redefining \TeX on input line 193.
LaTeX Info: Redefining \LaTeX on input line 202.
LaTeX Info: Redefining \LaTeXe on input line 219.
)
\l__xetex_show_hyphens_wrapping_box=\box48
\l__xetex_show_hyphens_temp_box=\box49
\l__xetex_show_hyphens_final_box=\box50
\g__xetex_show_hyphens_word_box=\box51
)
(/usr/share/texmf/tex/latex/AMC/automultiplechoice.sty
AMC version: 2021/09/09 v1.5.0 r:4089c913
Package: automultiplechoice 2021/09/09 v1.5.0 r:4089c913
(/usr/share/texmf-dist/tex/latex/xcolor/xcolor.sty
Package: xcolor 2016/05/11 v2.12 LaTeX color extensions (UK)

(/usr/share/texmf-dist/tex/latex/graphics-cfg/color.cfg
File: color.cfg 2016/01/02 v1.6 sample color configuration
)
Package xcolor Info: Driver file: xetex.def on input line 225.
Package xcolor Info: Model `cmy' substituted by `cmy0' on input line 1348.
Package xcolor Info: Model `RGB' extended on input line 1364.
Package xcolor Info: Model `HTML' substituted by `rgb' on input line 1366.
Package xcolor Info: Model `Hsb' substituted by `hsb' on input line 1367.
Package xcolor Info: Model `tHsb' substituted by `hsb' on input line 1368.
Package xcolor Info: Model `HSB' substituted by `hsb' on input line 1369.
Package xcolor Info: Model `Gray' substituted by `gray' on input line 1370.
Package xcolor Info: Model `wave' substituted by `hsb' on input line 1371.
)
(/usr/share/texmf-dist/tex/latex/fancyhdr/fancyhdr.sty
Package: fancyhdr 2021/01/28 v4.0.1 Extensive control of page headers and foote
rs
\f@nch@headwidth=\skip49
\f@nch@O@elh=\skip50
\f@nch@O@erh=\skip51
\f@nch@O@olh=\skip52
\f@nch@O@orh=\skip53
\f@nch@O@elf=\skip54
\f@nch@O@erf=\skip55
\f@nch@O@olf=\skip56
\f@nch@O@orf=\skip57
)
(/usr/share/texmf-dist/tex/latex/bophook/bophook.sty
Package: bophook 2001/03/29 v0.02 beginning-of-page hook, K. Tinnefeld
)
(/usr/share/texmf-dist/tex/latex/xkeyval/xkeyval.sty
Package: xkeyval 2020/11/20 v2.8 package option processing (HA)

(/usr/share/texmf-dist/tex/generic/xkeyval/xkeyval.tex
(/usr/share/texmf-dist/tex/generic/xkeyval/xkvutils.tex
\XKV@toks=\toks18
\XKV@tempa@toks=\toks19
)
\XKV@depth=\count267
File: xkeyval.tex 2014/12/03 v2.7a key=value parser (HA)
))
(/usr/share/texmf-dist/tex/latex/graphics/rotating.sty
Package: rotating 2016/08/11 v2.16d rotated objects in LaTeX

(/usr/share/texmf-dist/tex/latex/base/ifthen.sty
Package: ifthen 2014/09/29 v1.1c Standard LaTeX ifthen package (DPC)
)
\c@r@tfl@t=\count268
\rotFPtop=\skip58
\rotFPbot=\skip59
\rot@float@box=\box52
\rot@mess@toks=\toks20
)
(/usr/share/texmf-dist/tex/latex/fancybox/fancybox.sty
Package: fancybox 2010/05/15 1.4

Style option: `fancybox' v1.4 <2010/05/15> (tvz)
\@fancybox=\box53
\shadowsize=\dimen145
\@Sbox=\box54
\do@VerbBox=\toks21
\the@fancyput=\toks22
\this@fancyput=\toks23
\EndVerbatimTokens=\toks24
\Verbatim@Outfile=\write3
\Verbatim@Infile=\read2
) (/usr/share/texmf-dist/tex/latex/csvsimple/csvsimple.sty
Package: csvsimple 2019/04/09 version 1.21 LaTeX CSV file processing

(/usr/share/texmf-dist/tex/latex/pgf/utilities/pgfrcs.sty
(/usr/share/texmf-dist/tex/generic/pgf/utilities/pgfutil-common.tex
\pgfutil@everybye=\toks25
\pgfutil@tempdima=\dimen146
\pgfutil@tempdimb=\dimen147

(/usr/share/texmf-dist/tex/generic/pgf/utilities/pgfutil-common-lists.tex))
(/usr/share/texmf-dist/tex/generic/pgf/utilities/pgfutil-latex.def
\pgfutil@abb=\box55
)
(/usr/share/texmf-dist/tex/generic/pgf/utilities/pgfrcs.code.tex
(/usr/share/texmf-dist/tex/generic/pgf/pgf.revision.tex)
Package: pgfrcs 2020/12/27 v3.1.8b (3.1.8b)
))
(/usr/share/texmf-dist/tex/latex/pgf/utilities/pgfkeys.sty
(/usr/share/texmf-dist/tex/generic/pgf/utilities/pgfkeys.code.tex
\pgfkeys@pathtoks=\toks26
\pgfkeys@temptoks=\toks27

(/usr/share/texmf-dist/tex/generic/pgf/utilities/pgfkeysfiltered.code.tex
\pgfkeys@tmptoks=\toks28
)))
(/usr/share/texmf-dist/tex/latex/etoolbox/etoolbox.sty
Package: etoolbox 2020/10/05 v2.5k e-TeX tools for LaTeX (JAW)
\etb@tempcnta=\count269
)
(/usr/share/texmf-dist/tex/latex/tools/shellesc.sty
Package: shellesc 2019/11/08 v1.0c unified shell escape interface for LaTeX
Package shellesc Info: Restricted shell escape enabled on input line 77.
)
\csv@file=\read3
\c@csvinputline=\count270
\c@csvrow=\count271
\c@csvcol=\count272
\csv@out=\write4
)
(/usr/share/texmf-dist/tex/latex/environ/environ.sty
Package: environ 2014/05/04 v0.3 A new way to define environments

(/usr/share/texmf-dist/tex/latex/trimspaces/trimspaces.sty
Package: trimspaces 2009/09/17 v1.1 Trim spaces around a token list
)
\@envbody=\toks29
)
Loading configuration file...
(./amc-compiled-config.tex)
\AMC@logfile=\write5
\openout5 = `amc-compiled.amc'.

\AMCload@counter=\count273
\AMCid@quest=\count274
\AMCid@check=\count275
\AMCid@etud=\count276
\AMCid@etudstart=\count277
\AMCid@etudfin=\count278
\AMCnum@copies=\count279
\AMCformVSpace=\dimen148
\AMCformHSpace=\dimen149
\AMCinterIrep=\dimen150
\AMCinterBrep=\dimen151
\AMCinterIquest=\dimen152
\AMCinterBquest=\dimen153
\AMCpostOquest=\dimen154
\AMCids@width=\dimen155
\AMCids@height=\dimen156
\AMC@SR=\count280
\AMC@SR@count=\count281
\AMC@SRnum=\count282
\AMC@sti=\count283
\AMC@stil=\count284
\AMCsw@p@=\toks30
\AMC@numerotation=\count285
\AMC@XYspecial=\write6
\AMC@tmpXY=\write7
\AMC@smashbox=\box56
\AMC@smashboxheight=\dimen157
\c@AMC@ncase=\count286
\AMC@boxedrule=\skip60
\AMC@crossrule=\skip61
\AMC@boxeddown=\skip62
\AMC@boxedwidth=\skip63
\AMC@boxedheight=\skip64
\AMC@oval@radius=\skip65
\AMC@outside@sep=\skip66
\AMC@CBtaille=\skip67
\AMCbin@sequence=\toks31
\AMCbin@number=\count287
\AMCbin@ndigits=\count288
\AMCbin@id=\count289
\AMCbin@digit=\count290
\AMCtok@k=\count291
\AMCtok@max=\count292
\AMCtok@size=\count293
\AMC@imax=\count294
\AMCtok@ik=\count295
\AMCloop@k=\count296
\AMCrep@count=\count297
\reponse@cxcix=\toks32
\reponse@cxcviii=\toks33
\reponse@cxcvii=\toks34
\reponse@cxcvi=\toks35
\reponse@cxcv=\toks36
\reponse@cxciv=\toks37
\reponse@cxciii=\toks38
\reponse@cxcii=\toks39
\reponse@cxci=\toks40
\reponse@cxc=\toks41
\reponse@clxxxix=\toks42
\reponse@clxxxviii=\toks43
\reponse@clxxxvii=\toks44
\reponse@clxxxvi=\toks45
\reponse@clxxxv=\toks46
\reponse@clxxxiv=\toks47
\reponse@clxxxiii=\toks48
\reponse@clxxxii=\toks49
\reponse@clxxxi=\toks50
\reponse@clxxx=\toks51
\reponse@clxxix=\toks52
\reponse@clxxviii=\toks53
\reponse@clxxvii=\toks54
\reponse@clxxvi=\toks55
\reponse@clxxv=\toks56
\reponse@clxxiv=\toks57
\reponse@clxxiii=\toks58
\reponse@clxxii=\toks59
\reponse@clxxi=\toks60
\reponse@clxx=\toks61
\reponse@clxix=\toks62
\reponse@clxviii=\toks63
\reponse@clxvii=\toks64
\reponse@clxvi=\toks65
\reponse@clxv=\toks66
\reponse@clxiv=\toks67
\reponse@clxiii=\toks68
\reponse@clxii=\toks69
\reponse@clxi=\toks70
\reponse@clx=\toks71
\reponse@clix=\toks72
\reponse@clviii=\toks73
\reponse@clvii=\toks74
\reponse@clvi=\toks75
\reponse@clv=\toks76
\reponse@cliv=\toks77
\reponse@cliii=\toks78
\reponse@clii=\toks79
\reponse@cli=\toks80
\reponse@cl=\toks81
\reponse@cxlix=\toks82
\reponse@cxlviii=\toks83
\reponse@cxlvii=\toks84
\reponse@cxlvi=\toks85
\reponse@cxlv=\toks86
\reponse@cxliv=\toks87
\reponse@cxliii=\toks88
\reponse@cxlii=\toks89
\reponse@cxli=\toks90
\reponse@cxl=\toks91
\reponse@cxxxix=\toks92
\reponse@cxxxviii=\toks93
\reponse@cxxxvii=\toks94
\reponse@cxxxvi=\toks95
\reponse@cxxxv=\toks96
\reponse@cxxxiv=\toks97
\reponse@cxxxiii=\toks98
\reponse@cxxxii=\toks99
\reponse@cxxxi=\toks100
\reponse@cxxx=\toks101
\reponse@cxxix=\toks102
\reponse@cxxviii=\toks103
\reponse@cxxvii=\toks104
\reponse@cxxvi=\toks105
\reponse@cxxv=\toks106
\reponse@cxxiv=\toks107
\reponse@cxxiii=\toks108
\reponse@cxxii=\toks109
\reponse@cxxi=\toks110
\reponse@cxx=\toks111
\reponse@cxix=\toks112
\reponse@cxviii=\toks113
\reponse@cxvii=\toks114
\reponse@cxvi=\toks115
\reponse@cxv=\toks116
\reponse@cxiv=\toks117
\reponse@cxiii=\toks118
\reponse@cxii=\toks119
\reponse@cxi=\toks120
\reponse@cx=\toks121
\reponse@cix=\toks122
\reponse@cviii=\toks123
\reponse@cvii=\toks124
\reponse@cvi=\toks125
\reponse@cv=\toks126
\reponse@civ=\toks127
\reponse@ciii=\toks128
\reponse@cii=\toks129
\reponse@ci=\toks130
\reponse@c=\toks131
\reponse@xcix=\toks132
\reponse@xcviii=\toks133
\reponse@xcvii=\toks134
\reponse@xcvi=\toks135
\reponse@xcv=\toks136
\reponse@xciv=\toks137
\reponse@xciii=\toks138
\reponse@xcii=\toks139
\reponse@xci=\toks140
\reponse@xc=\toks141
\reponse@lxxxix=\toks142
\reponse@lxxxviii=\toks143
\reponse@lxxxvii=\toks144
\reponse@lxxxvi=\toks145
\reponse@lxxxv=\toks146
\reponse@lxxxiv=\toks147
\reponse@lxxxiii=\toks148
\reponse@lxxxii=\toks149
\reponse@lxxxi=\toks150
\reponse@lxxx=\toks151
\reponse@lxxix=\toks152
\reponse@lxxviii=\toks153
\reponse@lxxvii=\toks154
\reponse@lxxvi=\toks155
\reponse@lxxv=\toks156
\reponse@lxxiv=\toks157
\reponse@lxxiii=\toks158
\reponse@lxxii=\toks159
\reponse@lxxi=\toks160
\reponse@lxx=\toks161
\reponse@lxix=\toks162
\reponse@lxviii=\toks163
\reponse@lxvii=\toks164
\reponse@lxvi=\toks165
\reponse@lxv=\toks166
\reponse@lxiv=\toks167
\reponse@lxiii=\toks168
\reponse@lxii=\toks169
\reponse@lxi=\toks170
\reponse@lx=\toks171
\reponse@lix=\toks172
\reponse@lviii=\toks173
\reponse@lvii=\toks174
\reponse@lvi=\toks175
\reponse@lv=\toks176
\reponse@liv=\toks177
\reponse@liii=\toks178
\reponse@lii=\toks179
\reponse@li=\toks180
\reponse@l=\toks181
\reponse@xlix=\toks182
\reponse@xlviii=\toks183
\reponse@xlvii=\toks184
\reponse@xlvi=\toks185
\reponse@xlv=\toks186
\reponse@xliv=\toks187
\reponse@xliii=\toks188
\reponse@xlii=\toks189
\reponse@xli=\toks190
\reponse@xl=\toks191
\reponse@xxxix=\toks192
\reponse@xxxviii=\toks193
\reponse@xxxvii=\toks194
\reponse@xxxvi=\toks195
\reponse@xxxv=\toks196
\reponse@xxxiv=\toks197
\reponse@xxxiii=\toks198
\reponse@xxxii=\toks199
\reponse@xxxi=\toks200
\reponse@xxx=\toks201
\reponse@xxix=\toks202
\reponse@xxviii=\toks203
\reponse@xxvii=\toks204
\reponse@xxvi=\toks205
\reponse@xxv=\toks206
\reponse@xxiv=\toks207
\reponse@xxiii=\toks208
\reponse@xxii=\toks209
\reponse@xxi=\toks210
\reponse@xx=\toks211
\reponse@xix=\toks212
\reponse@xviii=\toks213
\reponse@xvii=\toks214
\reponse@xvi=\toks215
\reponse@xv=\toks216
\reponse@xiv=\toks217
\reponse@xiii=\toks218
\reponse@xii=\toks219
\reponse@xi=\toks220
\reponse@x=\toks221
\reponse@ix=\toks222
\reponse@viii=\toks223
\reponse@vii=\toks224
\reponse@vi=\toks225
\reponse@v=\toks226
\reponse@iv=\toks227
\reponse@iii=\toks228
\reponse@ii=\toks229
\reponse@i=\toks230
\AMCnum@questions=\count298
\AMCrep@@count=\count299
\amc_memory_elts_count=\count300
\AMChorizAnswerSep=\skip68
\AMChorizBoxSep=\skip69
\AMC@mn@test=\skip70
\AMC@mn@sep=\skip71
\AMC@mn@leftmargin=\skip72
\AMC@mn@rightmargin=\skip73
\AMC@sz@width=\skip74
\AMC@sz@height=\skip75
\AMC@sz@depth=\skip76
\AMC@sza@width=\skip77
\AMC@sza@height=\skip78
\AMC@sza@depth=\skip79
\c@AMCquestionaff=\count301
\ouverte@vs=\dimen158
\AMC@chiffres=\count302
\AMCcodeHspace=\dimen159
\AMCcodeVspace=\dimen160
\amc_code_digit_n_int=\count303
\amc_num_exponent_int=\count304
\amc_todigits_int=\count305
\AMCnumeric@Hspace=\dimen161
\AMCnumeric@Vspace=\dimen162
\amc_num_ndigits_int=\count306
\amc_num_decd_int=\count307
\amc_num_expo_int=\count308
\amc_num_base_int=\count309
\amc_num_exact_int=\count310
\amc_num_approx_int=\count311
\amc_num_digit_value_int=\count312
\amc_num_first_digit_int=\count313
\amc_num_digit_int=\count314
\amc_num_sign_int=\count315
\amc_num_expo_sign_int=\count316
\amc_num_correct_expo_int=\count317
\AMCopen@Hspace=\dimen163
\AMCopen@LineHeight=\dimen164
\AMCopen@Lines=\count318
\AMCopen@boxmargin=\dimen165
\AMCopen@boxframerule=\dimen166
\AMCopen@framerule=\dimen167
\AMC@addpages=\count319
 (/usr/share/texmf-dist/tex/latex/etex-pkg/etex.sty
Package: etex 2016/08/01 v2.7 eTeX basic definition package (PEB,DPC)


Package etex Warning: Extended allocation already in use.
(etex)                etex.sty code will not be used.
(etex)                To force etex package to load, add
(etex)                \RequirePackage{etex}
(etex)                at the start of the document.

) ***CATALOG***
(/usr/share/texmf-dist/tex/latex/geometry/geometry.sty
Package: geometry 2020/01/02 v5.9 Page Geometry

(/usr/share/texmf-dist/tex/generic/iftex/ifvtex.sty
Package: ifvtex 2019/10/25 v1.7 ifvtex legacy package. Use iftex instead.
)
\Gm@cnth=\count320
\Gm@cntv=\count321
\c@Gm@tempcnt=\count322
\Gm@bindingoffset=\dimen168
\Gm@wd@mp=\dimen169
\Gm@odd@mp=\dimen170
\Gm@even@mp=\dimen171
\Gm@layoutwidth=\dimen172
\Gm@layoutheight=\dimen173
\Gm@layouthoffset=\dimen174
\Gm@layoutvoffset=\dimen175
\Gm@dimlist=\toks231
)
\AMC@CSFILE=\write8
\openout8 = `amc-compiled.cs'.

)
(/usr/share/texmf-dist/tex/latex/tools/multicol.sty
Package: multicol 2019/12/09 v1.8y multicolumn formatting (FMi)
\c@tracingmulticols=\count323
\mult@box=\box57
\multicol@leftmargin=\dimen176
\c@unbalance=\count324
\c@collectmore=\count325
\doublecol@number=\count326
\multicoltolerance=\count327
\multicolpretolerance=\count328
\full@width=\dimen177
\page@free=\dimen178
\premulticols=\dimen179
\postmulticols=\dimen180
\multicolsep=\skip80
\multicolbaselineskip=\skip81
\partial@page=\box58
\last@line=\box59
\maxbalancingoverflow=\dimen181
\mult@rightbox=\box60
\mult@grightbox=\box61
\mult@gfirstbox=\box62
\mult@firstbox=\box63
\@tempa=\box64
\@tempa=\box65
\@tempa=\box66
\@tempa=\box67
\@tempa=\box68
\@tempa=\box69
\@tempa=\box70
\@tempa=\box71
\@tempa=\box72
\@tempa=\box73
\@tempa=\box74
\@tempa=\box75
\@tempa=\box76
\@tempa=\box77
\@tempa=\box78
\@tempa=\box79
\@tempa=\box80
\@tempa=\box81
\@tempa=\box82
\@tempa=\box83
\@tempa=\box84
\@tempa=\box85
\@tempa=\box86
\@tempa=\box87
\@tempa=\box88
\@tempa=\box89
\@tempa=\box90
\@tempa=\box91
\@tempa=\box92
\@tempa=\box93
\@tempa=\box94
\@tempa=\box95
\@tempa=\box96
\@tempa=\box97
\@tempa=\box98
\@tempa=\box99
\@tempa=\box100
\c@minrows=\count329
\c@columnbadness=\count330
\c@finalcolumnbadness=\count331
\last@try=\dimen182
\multicolovershoot=\dimen183
\multicolundershoot=\dimen184
\mult@nat@firstbox=\box101
\colbreak@box=\box102
\mc@col@check@num=\count332
)

Package fontspec Info: Font family 'LinuxLibertineO(0)' created for font
(fontspec)             'Linux Libertine O' with options [Ligatures=TeX].
(fontspec)              
(fontspec)              This font family consists of the following NFSS
(fontspec)             series/shapes:
(fontspec)              
(fontspec)             - 'normal' (m/n) with NFSS spec.: <->"Linux Libertine
(fontspec)             O/OT:script=latn;language=dflt;mapping=tex-text;"
(fontspec)             - 'small caps'  (m/sc) with NFSS spec.: <->"Linux
(fontspec)             Libertine
(fontspec)             O/OT:script=latn;language=dflt;+smcp;mapping=tex-text;"
(fontspec)             - 'bold' (b/n) with NFSS spec.: <->"Linux Libertine
(fontspec)             O/B/OT:script=latn;language=dflt;mapping=tex-text;"
(fontspec)             - 'bold small caps'  (b/sc) with NFSS spec.: <->"Linux
(fontspec)             Libertine
(fontspec)             O/B/OT:script=latn;language=dflt;+smcp;mapping=tex-text;
"
(fontspec)             - 'italic' (m/it) with NFSS spec.: <->"Linux Libertine
(fontspec)             O/I/OT:script=latn;language=dflt;mapping=tex-text;"
(fontspec)             - 'italic small caps'  (m/scit) with NFSS spec.:
(fontspec)             <->"Linux Libertine
(fontspec)             O/I/OT:script=latn;language=dflt;+smcp;mapping=tex-text;
"
(fontspec)             - 'bold italic' (b/it) with NFSS spec.: <->"Linux
(fontspec)             Libertine
(fontspec)             O/BI/OT:script=latn;language=dflt;mapping=tex-text;"
(fontspec)             - 'bold italic small caps'  (b/scit) with NFSS spec.:
(fontspec)             <->"Linux Libertine
(fontspec)             O/BI/OT:script=latn;language=dflt;+smcp;mapping=tex-text
;"

 (./amc-compiled.aux)
\openout1 = `amc-compiled.aux'.

LaTeX Font Info:    Checking defaults for OML/cmm/m/it on input line 6.
LaTeX Font Info:    ... okay on input line 6.
LaTeX Font Info:    Checking defaults for OMS/cmsy/m/n on input line 6.
LaTeX Font Info:    ... okay on input line 6.
LaTeX Font Info:    Checking defaults for OT1/cmr/m/n on input line 6.
LaTeX Font Info:    ... okay on input line 6.
LaTeX Font Info:    Checking defaults for T1/cmr/m/n on input line 6.
LaTeX Font Info:    ... okay on input line 6.
LaTeX Font Info:    Checking defaults for TS1/cmr/m/n on input line 6.
LaTeX Font Info:    Trying to load font information for TS1+cmr on input line 6
.

(/usr/share/texmf-dist/tex/latex/base/ts1cmr.fd
File: ts1cmr.fd 2019/12/16 v2.5j Standard LaTeX font definitions
)
LaTeX Font Info:    ... okay on input line 6.
LaTeX Font Info:    Checking defaults for TU/lmr/m/n on input line 6.
LaTeX Font Info:    ... okay on input line 6.
LaTeX Font Info:    Checking defaults for OMX/cmex/m/n on input line 6.
LaTeX Font Info:    ... okay on input line 6.
LaTeX Font Info:    Checking defaults for U/cmr/m/n on input line 6.
LaTeX Font Info:    ... okay on input line 6.

Package fontspec Info: Adjusting the maths setup (use [no-math] to avoid
(fontspec)             this).

\symlegacymaths=\mathgroup4
LaTeX Font Info:    Overwriting symbol font `legacymaths' in version `bold'
(Font)                  OT1/cmr/m/n --> OT1/cmr/bx/n on input line 6.
LaTeX Font Info:    Redeclaring math accent \acute on input line 6.
LaTeX Font Info:    Redeclaring math accent \grave on input line 6.
LaTeX Font Info:    Redeclaring math accent \ddot on input line 6.
LaTeX Font Info:    Redeclaring math accent \tilde on input line 6.
LaTeX Font Info:    Redeclaring math accent \bar on input line 6.
LaTeX Font Info:    Redeclaring math accent \breve on input line 6.
LaTeX Font Info:    Redeclaring math accent \check on input line 6.
LaTeX Font Info:    Redeclaring math accent \hat on input line 6.
LaTeX Font Info:    Redeclaring math accent \dot on input line 6.
LaTeX Font Info:    Redeclaring math accent \mathring on input line 6.
LaTeX Font Info:    Redeclaring math symbol \colon on input line 6.
LaTeX Font Info:    Redeclaring math symbol \Gamma on input line 6.
LaTeX Font Info:    Redeclaring math symbol \Delta on input line 6.
LaTeX Font Info:    Redeclaring math symbol \Theta on input line 6.
LaTeX Font Info:    Redeclaring math symbol \Lambda on input line 6.
LaTeX Font Info:    Redeclaring math symbol \Xi on input line 6.
LaTeX Font Info:    Redeclaring math symbol \Pi on input line 6.
LaTeX Font Info:    Redeclaring math symbol \Sigma on input line 6.
LaTeX Font Info:    Redeclaring math symbol \Upsilon on input line 6.
LaTeX Font Info:    Redeclaring math symbol \Phi on input line 6.
LaTeX Font Info:    Redeclaring math symbol \Psi on input line 6.
LaTeX Font Info:    Redeclaring math symbol \Omega on input line 6.
LaTeX Font Info:    Redeclaring math symbol \mathdollar on input line 6.
LaTeX Font Info:    Redeclaring symbol font `operators' on input line 6.
LaTeX Font Info:    Encoding `OT1' has changed to `TU' for symbol font
(Font)              `operators' in the math version `normal' on input line 6.
LaTeX Font Info:    Overwriting symbol font `operators' in version `normal'
(Font)                  OT1/cmr/m/n --> TU/LinuxLibertineO(0)/m/n on input line
 6.
LaTeX Font Info:    Encoding `OT1' has changed to `TU' for symbol font
(Font)              `operators' in the math version `bold' on input line 6.
LaTeX Font Info:    Overwriting symbol font `operators' in version `bold'
(Font)                  OT1/cmr/bx/n --> TU/LinuxLibertineO(0)/m/n on input lin
e 6.
LaTeX Font Info:    Overwriting symbol font `operators' in version `normal'
(Font)                  TU/LinuxLibertineO(0)/m/n --> TU/LinuxLibertineO(0)/m/n
 on input line 6.
LaTeX Font Info:    Overwriting math alphabet `\mathit' in version `normal'
(Font)                  OT1/cmr/m/it --> TU/LinuxLibertineO(0)/m/it on input li
ne 6.
LaTeX Font Info:    Overwriting math alphabet `\mathbf' in version `normal'
(Font)                  OT1/cmr/bx/n --> TU/LinuxLibertineO(0)/b/n on input lin
e 6.
LaTeX Font Info:    Overwriting math alphabet `\mathsf' in version `normal'
(Font)                  OT1/cmss/m/n --> TU/lmss/m/n on input line 6.
LaTeX Font Info:    Overwriting math alphabet `\mathtt' in version `normal'
(Font)                  OT1/cmtt/m/n --> TU/lmtt/m/n on input line 6.
LaTeX Font Info:    Overwriting symbol font `operators' in version `bold'
(Font)                  TU/LinuxLibertineO(0)/m/n --> TU/LinuxLibertineO(0)/b/n
 on input line 6.
LaTeX Font Info:    Overwriting math alphabet `\mathit' in version `bold'
(Font)                  OT1/cmr/bx/it --> TU/LinuxLibertineO(0)/b/it on input l
ine 6.
LaTeX Font Info:    Overwriting math alphabet `\mathsf' in version `bold'
(Font)                  OT1/cmss/bx/n --> TU/lmss/b/n on input line 6.
LaTeX Font Info:    Overwriting math alphabet `\mathtt' in version `bold'
(Font)                  OT1/cmtt/m/n --> TU/lmtt/b/n on input line 6.
\AMC@ovalbox@R=\box103
\AMC@ovalbox@RF=\box104
\AMC@ovalbox@=\box105
\AMC@ovalbox@F=\box106

*geometry* driver: auto-detecting
*geometry* detected driver: xetex
*geometry* verbose mode - [ preamble ] result:
* driver: xetex
* paper: <default>
* layout: <same size as paper>
* layoutoffset:(h,v)=(0.0pt,0.0pt)
* modes: includehead includefoot 
* h-part:(L,W,R)=(85.35826pt, 443.57848pt, 85.35826pt)
* v-part:(T,H,B)=(28.45274pt, 738.0645pt, 28.45274pt)
* \paperwidth=614.295pt
* \paperheight=794.96999pt
* \textwidth=443.57848pt
* \textheight=656.15901pt
* \oddsidemargin=13.08827pt
* \evensidemargin=13.08827pt
* \topmargin=-43.81725pt
* \headheight=28.45274pt
* \headsep=25.0pt
* \topskip=10.0pt
* \footskip=28.45274pt
* \marginparwidth=65.0pt
* \marginparsep=11.0pt
* \columnsep=10.0pt
* \skip\footins=9.0pt plus 4.0pt minus 2.0pt
* \hoffset=0.0pt
* \voffset=0.0pt
* \mag=1000
* \@twocolumnfalse
* \@twosidefalse
* \@mparswitchfalse
* \@reversemarginfalse
* (1in=72.27pt=25.4mm, 1cm=28.453pt)

\grB@k=\count333
\AMCgrB@j=\count334
\grB@i=\toks232
\grB@ii=\toks233
\grB@iii=\toks234
LaTeX Font Info:    External font `cmex10' loaded for size
(Font)              <7> on input line 58.
LaTeX Font Info:    External font `cmex10' loaded for size
(Font)              <5> on input line 58.
LaTeX Font Info:    Font shape `TU/lmtt/bx/n' in size <10> not available
(Font)              Font shape `TU/lmtt/b/n' tried instead on input line 58.
[1

] (./amc-compiled.aux) ) 
Here is how much of TeX's memory you used:
 7996 strings out of 476919
 183240 string characters out of 5827674
 542806 words of memory out of 5000000
 27877 multiletter control sequences out of 15000+600000
 404030 words of font info for 45 fonts, out of 8000000 for 9000
 1348 hyphenation exceptions out of 8191
 98i,11n,103p,341b,297s stack positions out of 5000i,500n,10000p,200000b,80000s

Output written on amc-compiled.pdf (1 page).
