This is XeTeX, Version 3.141592653-2.6-0.999994 (TeX Live 2022/Arch Linux) (preloaded format=xelatex 2022.4.29)  22 JUN 2022 14:37
entering extended mode
 restricted \write18 enabled.
 %&-line parsing enabled.
**tmp_filtered.tex
(./tmp_filtered.tex
LaTeX2e <2021-11-15> patch level 1
L3 programming layer <2022-04-10>
(/usr/share/texmf-dist/tex/latex/base/article.cls
Document Class: article 2021/10/04 v1.4n Standard LaTeX document class
(/usr/share/texmf-dist/tex/latex/base/size10.clo
File: size10.clo 2021/10/04 v1.4n Standard LaTeX file (size option)
)
\c@part=\count181
\c@section=\count182
\c@subsection=\count183
\c@subsubsection=\count184
\c@paragraph=\count185
\c@subparagraph=\count186
\c@figure=\count187
\c@table=\count188
\abovecaptionskip=\skip47
\belowcaptionskip=\skip48
\bibindent=\dimen138
)
(/usr/share/texmf-dist/tex/xelatex/xltxtra/xltxtra.sty
Package: xltxtra 2018/12/31 v0.7 Improvements for the "XeLaTeX" format

(/usr/share/texmf-dist/tex/generic/iftex/ifluatex.sty
Package: ifluatex 2019/10/25 v1.5 ifluatex legacy package. Use iftex instead.

(/usr/share/texmf-dist/tex/generic/iftex/iftex.sty
Package: iftex 2022/02/03 v1.0f TeX engine tests
))
(/usr/share/texmf-dist/tex/generic/iftex/ifxetex.sty
Package: ifxetex 2019/10/25 v0.7 ifxetex legacy package. Use iftex instead.
)
(/usr/share/texmf-dist/tex/latex/fontspec/fontspec.sty
(/usr/share/texmf-dist/tex/latex/l3packages/xparse/xparse.sty
(/usr/share/texmf-dist/tex/latex/l3kernel/expl3.sty
Package: expl3 2022-04-10 L3 programming layer (loader) 

(/usr/share/texmf-dist/tex/latex/l3backend/l3backend-xetex.def
File: l3backend-xetex.def 2022-04-14 L3 backend support: XeTeX
\l__color_backend_stack_int=\count189
\g__color_backend_stack_int=\count190
\g__graphics_track_int=\count191
\l__pdf_internal_box=\box50
\g__pdf_backend_object_int=\count192
\g__pdf_backend_annotation_int=\count193
\g__pdf_backend_link_int=\count194
))
Package: xparse 2022-01-12 L3 Experimental document command parser
)
Package: fontspec 2022/01/15 v2.8a Font selection for XeLaTeX and LuaLaTeX

(/usr/share/texmf-dist/tex/latex/fontspec/fontspec-xetex.sty
Package: fontspec-xetex 2022/01/15 v2.8a Font selection for XeLaTeX and LuaLaTe
X
\l__fontspec_script_int=\count195
\l__fontspec_language_int=\count196
\l__fontspec_strnum_int=\count197
\l__fontspec_tmp_int=\count198
\l__fontspec_tmpa_int=\count199
\l__fontspec_tmpb_int=\count266
\l__fontspec_tmpc_int=\count267
\l__fontspec_em_int=\count268
\l__fontspec_emdef_int=\count269
\l__fontspec_strong_int=\count270
\l__fontspec_strongdef_int=\count271
\l__fontspec_tmpa_dim=\dimen139
\l__fontspec_tmpb_dim=\dimen140
\l__fontspec_tmpc_dim=\dimen141

(/usr/share/texmf-dist/tex/latex/base/fontenc.sty
Package: fontenc 2021/04/29 v2.0v Standard LaTeX package
)
(/usr/share/texmf-dist/tex/latex/fontspec/fontspec.cfg)))
(/usr/share/texmf-dist/tex/latex/realscripts/realscripts.sty
Package: realscripts 2016/02/13 v0.3d Access OpenType subscripts and superscrip
ts
\subsupersep=\dimen142
)
(/usr/share/texmf-dist/tex/latex/metalogo/metalogo.sty
Package: metalogo 2010/05/29 v0.12 Extended TeX logo macros

(/usr/share/texmf-dist/tex/latex/graphics/graphicx.sty
Package: graphicx 2021/09/16 v1.2d Enhanced LaTeX Graphics (DPC,SPQR)

(/usr/share/texmf-dist/tex/latex/graphics/keyval.sty
Package: keyval 2014/10/28 v1.15 key=value parser (DPC)
\KV@toks@=\toks16
)
(/usr/share/texmf-dist/tex/latex/graphics/graphics.sty
Package: graphics 2021/03/04 v1.4d Standard LaTeX Graphics (DPC,SPQR)

(/usr/share/texmf-dist/tex/latex/graphics/trig.sty
Package: trig 2021/08/11 v1.11 sin cos tan (DPC)
)
(/usr/share/texmf-dist/tex/latex/graphics-cfg/graphics.cfg
File: graphics.cfg 2016/06/04 v1.11 sample graphics configuration
)
Package graphics Info: Driver file: xetex.def on input line 107.

(/usr/share/texmf-dist/tex/latex/graphics-def/xetex.def
File: xetex.def 2022/04/12 v5.0l Graphics/color driver for xetex
))
\Gin@req@height=\dimen143
\Gin@req@width=\dimen144
)
\xl@everylogo=\toks17
\xl@@everylogo=\toks18
LaTeX Info: Redefining \TeX on input line 193.
LaTeX Info: Redefining \LaTeX on input line 202.
LaTeX Info: Redefining \LaTeXe on input line 219.
)
\l__xetex_show_hyphens_wrapping_box=\box51
\l__xetex_show_hyphens_temp_box=\box52
\l__xetex_show_hyphens_final_box=\box53
\g__xetex_show_hyphens_word_box=\box54
)
(/usr/share/texmf/tex/latex/AMC/automultiplechoice.sty
AMC version: 2021/11/21 v1.5.2 r:d5fe5a59
Package: automultiplechoice 2021/11/21 v1.5.2 r:d5fe5a59
(/usr/share/texmf-dist/tex/latex/xcolor/xcolor.sty
Package: xcolor 2021/10/31 v2.13 LaTeX color extensions (UK)

(/usr/share/texmf-dist/tex/latex/graphics-cfg/color.cfg
File: color.cfg 2016/01/02 v1.6 sample color configuration
)
Package xcolor Info: Driver file: xetex.def on input line 227.
Package xcolor Info: Model `cmy' substituted by `cmy0' on input line 1352.
Package xcolor Info: Model `RGB' extended on input line 1368.
Package xcolor Info: Model `HTML' substituted by `rgb' on input line 1370.
Package xcolor Info: Model `Hsb' substituted by `hsb' on input line 1371.
Package xcolor Info: Model `tHsb' substituted by `hsb' on input line 1372.
Package xcolor Info: Model `HSB' substituted by `hsb' on input line 1373.
Package xcolor Info: Model `Gray' substituted by `gray' on input line 1374.
Package xcolor Info: Model `wave' substituted by `hsb' on input line 1375.
)
(/usr/share/texmf-dist/tex/latex/fancyhdr/fancyhdr.sty
Package: fancyhdr 2021/01/28 v4.0.1 Extensive control of page headers and foote
rs
\f@nch@headwidth=\skip49
\f@nch@O@elh=\skip50
\f@nch@O@erh=\skip51
\f@nch@O@olh=\skip52
\f@nch@O@orh=\skip53
\f@nch@O@elf=\skip54
\f@nch@O@erf=\skip55
\f@nch@O@olf=\skip56
\f@nch@O@orf=\skip57
)
(/usr/share/texmf-dist/tex/latex/bophook/bophook.sty
Package: bophook 2001/03/29 v0.02 beginning-of-page hook, K. Tinnefeld
)
(/usr/share/texmf-dist/tex/latex/xkeyval/xkeyval.sty
Package: xkeyval 2020/11/20 v2.8 package option processing (HA)

(/usr/share/texmf-dist/tex/generic/xkeyval/xkeyval.tex
(/usr/share/texmf-dist/tex/generic/xkeyval/xkvutils.tex
\XKV@toks=\toks19
\XKV@tempa@toks=\toks20
)
\XKV@depth=\count272
File: xkeyval.tex 2014/12/03 v2.7a key=value parser (HA)
))
(/usr/share/texmf-dist/tex/latex/graphics/rotating.sty
Package: rotating 2016/08/11 v2.16d rotated objects in LaTeX

(/usr/share/texmf-dist/tex/latex/base/ifthen.sty
Package: ifthen 2020/11/24 v1.1c Standard LaTeX ifthen package (DPC)
)
\c@r@tfl@t=\count273
\rotFPtop=\skip58
\rotFPbot=\skip59
\rot@float@box=\box55
\rot@mess@toks=\toks21
)
(/usr/share/texmf-dist/tex/latex/fancybox/fancybox.sty
Package: fancybox 2010/05/15 1.4

Style option: `fancybox' v1.4 <2010/05/15> (tvz)
\@fancybox=\box56
\shadowsize=\dimen145
\@Sbox=\box57
\do@VerbBox=\toks22
\the@fancyput=\toks23
\this@fancyput=\toks24
\EndVerbatimTokens=\toks25
\Verbatim@Outfile=\write3
\Verbatim@Infile=\read2
) (/usr/share/texmf-dist/tex/latex/csvsimple/csvsimple.sty
(/usr/share/texmf-dist/tex/latex/l3packages/l3keys2e/l3keys2e.sty
Package: l3keys2e 2022-01-12 LaTeX2e option processing using LaTeX3 keys
)
Package: csvsimple 2022/02/01 v2.3.0 LaTeX CSV file processing
)
(/usr/share/texmf-dist/tex/latex/csvsimple/csvsimple-legacy.sty
Package: csvsimple-legacy 2022/02/01 version 2.3.0 LaTeX2e CSV file processing

(/usr/share/texmf-dist/tex/latex/pgf/utilities/pgfrcs.sty
(/usr/share/texmf-dist/tex/generic/pgf/utilities/pgfutil-common.tex
\pgfutil@everybye=\toks26
\pgfutil@tempdima=\dimen146
\pgfutil@tempdimb=\dimen147

(/usr/share/texmf-dist/tex/generic/pgf/utilities/pgfutil-common-lists.tex))
(/usr/share/texmf-dist/tex/generic/pgf/utilities/pgfutil-latex.def
\pgfutil@abb=\box58
)
(/usr/share/texmf-dist/tex/generic/pgf/utilities/pgfrcs.code.tex
(/usr/share/texmf-dist/tex/generic/pgf/pgf.revision.tex)
Package: pgfrcs 2021/05/15 v3.1.9a (3.1.9a)
))
(/usr/share/texmf-dist/tex/latex/pgf/utilities/pgfkeys.sty
(/usr/share/texmf-dist/tex/generic/pgf/utilities/pgfkeys.code.tex
\pgfkeys@pathtoks=\toks27
\pgfkeys@temptoks=\toks28

(/usr/share/texmf-dist/tex/generic/pgf/utilities/pgfkeysfiltered.code.tex
\pgfkeys@tmptoks=\toks29
)))
(/usr/share/texmf-dist/tex/latex/etoolbox/etoolbox.sty
Package: etoolbox 2020/10/05 v2.5k e-TeX tools for LaTeX (JAW)
\etb@tempcnta=\count274
)
(/usr/share/texmf-dist/tex/latex/tools/shellesc.sty
Package: shellesc 2019/11/08 v1.0c unified shell escape interface for LaTeX
Package shellesc Info: Restricted shell escape enabled on input line 77.
)
\csv@file=\read3
\c@csvinputline=\count275
\c@csvrow=\count276
\c@csvcol=\count277
\csv@out=\write4
)
(/usr/share/texmf-dist/tex/latex/environ/environ.sty
Package: environ 2014/05/04 v0.3 A new way to define environments

(/usr/share/texmf-dist/tex/latex/trimspaces/trimspaces.sty
Package: trimspaces 2009/09/17 v1.1 Trim spaces around a token list
)
\@envbody=\toks30
)
Loading configuration file...
(./amc-compiled-config.tex)
\AMC@logfile=\write5
\openout5 = `amc-compiled.amc'.

\AMCload@counter=\count278
\AMCid@quest=\count279
\AMCid@check=\count280
\AMCid@etud=\count281
\AMCid@etudstart=\count282
\AMCid@etudfin=\count283
\AMCnum@copies=\count284
\AMCformVSpace=\dimen148
\AMCformHSpace=\dimen149
\AMCinterIrep=\dimen150
\AMCinterBrep=\dimen151
\AMCinterIquest=\dimen152
\AMCinterBquest=\dimen153
\AMCpostOquest=\dimen154
\AMCids@width=\dimen155
\AMCids@height=\dimen156
\AMC@SR=\count285
\AMC@SR@count=\count286
\AMC@SRnum=\count287
\AMC@sti=\count288
\AMC@stil=\count289
\AMCsw@p@=\toks31
\AMC@numerotation=\count290
\AMC@XYspecial=\write6
\AMC@tmpXY=\write7
\AMC@smashbox=\box59
\AMC@smashboxheight=\dimen157
\c@AMC@ncase=\count291
\AMC@boxedrule=\skip60
\AMC@crossrule=\skip61
\AMC@boxeddown=\skip62
\AMC@boxedwidth=\skip63
\AMC@boxedheight=\skip64
\AMC@oval@radius=\skip65
\AMC@outside@sep=\skip66
\AMC@CBtaille=\skip67
\AMCbin@sequence=\toks32
\AMCbin@number=\count292
\AMCbin@digit=\count293
\AMCbin@id=\count294
\AMCbin@did=\count295
\AMCbin@ndigits=\count296
\AMCbin@hsep=\dimen158
\AMCtok@k=\count297
\AMCtok@max=\count298
\AMCtok@size=\count299
\AMC@imax=\count300
\AMCtok@ik=\count301
\AMCloop@k=\count302
\AMCrep@count=\count303
\reponse@cxcix=\toks33
\reponse@cxcviii=\toks34
\reponse@cxcvii=\toks35
\reponse@cxcvi=\toks36
\reponse@cxcv=\toks37
\reponse@cxciv=\toks38
\reponse@cxciii=\toks39
\reponse@cxcii=\toks40
\reponse@cxci=\toks41
\reponse@cxc=\toks42
\reponse@clxxxix=\toks43
\reponse@clxxxviii=\toks44
\reponse@clxxxvii=\toks45
\reponse@clxxxvi=\toks46
\reponse@clxxxv=\toks47
\reponse@clxxxiv=\toks48
\reponse@clxxxiii=\toks49
\reponse@clxxxii=\toks50
\reponse@clxxxi=\toks51
\reponse@clxxx=\toks52
\reponse@clxxix=\toks53
\reponse@clxxviii=\toks54
\reponse@clxxvii=\toks55
\reponse@clxxvi=\toks56
\reponse@clxxv=\toks57
\reponse@clxxiv=\toks58
\reponse@clxxiii=\toks59
\reponse@clxxii=\toks60
\reponse@clxxi=\toks61
\reponse@clxx=\toks62
\reponse@clxix=\toks63
\reponse@clxviii=\toks64
\reponse@clxvii=\toks65
\reponse@clxvi=\toks66
\reponse@clxv=\toks67
\reponse@clxiv=\toks68
\reponse@clxiii=\toks69
\reponse@clxii=\toks70
\reponse@clxi=\toks71
\reponse@clx=\toks72
\reponse@clix=\toks73
\reponse@clviii=\toks74
\reponse@clvii=\toks75
\reponse@clvi=\toks76
\reponse@clv=\toks77
\reponse@cliv=\toks78
\reponse@cliii=\toks79
\reponse@clii=\toks80
\reponse@cli=\toks81
\reponse@cl=\toks82
\reponse@cxlix=\toks83
\reponse@cxlviii=\toks84
\reponse@cxlvii=\toks85
\reponse@cxlvi=\toks86
\reponse@cxlv=\toks87
\reponse@cxliv=\toks88
\reponse@cxliii=\toks89
\reponse@cxlii=\toks90
\reponse@cxli=\toks91
\reponse@cxl=\toks92
\reponse@cxxxix=\toks93
\reponse@cxxxviii=\toks94
\reponse@cxxxvii=\toks95
\reponse@cxxxvi=\toks96
\reponse@cxxxv=\toks97
\reponse@cxxxiv=\toks98
\reponse@cxxxiii=\toks99
\reponse@cxxxii=\toks100
\reponse@cxxxi=\toks101
\reponse@cxxx=\toks102
\reponse@cxxix=\toks103
\reponse@cxxviii=\toks104
\reponse@cxxvii=\toks105
\reponse@cxxvi=\toks106
\reponse@cxxv=\toks107
\reponse@cxxiv=\toks108
\reponse@cxxiii=\toks109
\reponse@cxxii=\toks110
\reponse@cxxi=\toks111
\reponse@cxx=\toks112
\reponse@cxix=\toks113
\reponse@cxviii=\toks114
\reponse@cxvii=\toks115
\reponse@cxvi=\toks116
\reponse@cxv=\toks117
\reponse@cxiv=\toks118
\reponse@cxiii=\toks119
\reponse@cxii=\toks120
\reponse@cxi=\toks121
\reponse@cx=\toks122
\reponse@cix=\toks123
\reponse@cviii=\toks124
\reponse@cvii=\toks125
\reponse@cvi=\toks126
\reponse@cv=\toks127
\reponse@civ=\toks128
\reponse@ciii=\toks129
\reponse@cii=\toks130
\reponse@ci=\toks131
\reponse@c=\toks132
\reponse@xcix=\toks133
\reponse@xcviii=\toks134
\reponse@xcvii=\toks135
\reponse@xcvi=\toks136
\reponse@xcv=\toks137
\reponse@xciv=\toks138
\reponse@xciii=\toks139
\reponse@xcii=\toks140
\reponse@xci=\toks141
\reponse@xc=\toks142
\reponse@lxxxix=\toks143
\reponse@lxxxviii=\toks144
\reponse@lxxxvii=\toks145
\reponse@lxxxvi=\toks146
\reponse@lxxxv=\toks147
\reponse@lxxxiv=\toks148
\reponse@lxxxiii=\toks149
\reponse@lxxxii=\toks150
\reponse@lxxxi=\toks151
\reponse@lxxx=\toks152
\reponse@lxxix=\toks153
\reponse@lxxviii=\toks154
\reponse@lxxvii=\toks155
\reponse@lxxvi=\toks156
\reponse@lxxv=\toks157
\reponse@lxxiv=\toks158
\reponse@lxxiii=\toks159
\reponse@lxxii=\toks160
\reponse@lxxi=\toks161
\reponse@lxx=\toks162
\reponse@lxix=\toks163
\reponse@lxviii=\toks164
\reponse@lxvii=\toks165
\reponse@lxvi=\toks166
\reponse@lxv=\toks167
\reponse@lxiv=\toks168
\reponse@lxiii=\toks169
\reponse@lxii=\toks170
\reponse@lxi=\toks171
\reponse@lx=\toks172
\reponse@lix=\toks173
\reponse@lviii=\toks174
\reponse@lvii=\toks175
\reponse@lvi=\toks176
\reponse@lv=\toks177
\reponse@liv=\toks178
\reponse@liii=\toks179
\reponse@lii=\toks180
\reponse@li=\toks181
\reponse@l=\toks182
\reponse@xlix=\toks183
\reponse@xlviii=\toks184
\reponse@xlvii=\toks185
\reponse@xlvi=\toks186
\reponse@xlv=\toks187
\reponse@xliv=\toks188
\reponse@xliii=\toks189
\reponse@xlii=\toks190
\reponse@xli=\toks191
\reponse@xl=\toks192
\reponse@xxxix=\toks193
\reponse@xxxviii=\toks194
\reponse@xxxvii=\toks195
\reponse@xxxvi=\toks196
\reponse@xxxv=\toks197
\reponse@xxxiv=\toks198
\reponse@xxxiii=\toks199
\reponse@xxxii=\toks200
\reponse@xxxi=\toks201
\reponse@xxx=\toks202
\reponse@xxix=\toks203
\reponse@xxviii=\toks204
\reponse@xxvii=\toks205
\reponse@xxvi=\toks206
\reponse@xxv=\toks207
\reponse@xxiv=\toks208
\reponse@xxiii=\toks209
\reponse@xxii=\toks210
\reponse@xxi=\toks211
\reponse@xx=\toks212
\reponse@xix=\toks213
\reponse@xviii=\toks214
\reponse@xvii=\toks215
\reponse@xvi=\toks216
\reponse@xv=\toks217
\reponse@xiv=\toks218
\reponse@xiii=\toks219
\reponse@xii=\toks220
\reponse@xi=\toks221
\reponse@x=\toks222
\reponse@ix=\toks223
\reponse@viii=\toks224
\reponse@vii=\toks225
\reponse@vi=\toks226
\reponse@v=\toks227
\reponse@iv=\toks228
\reponse@iii=\toks229
\reponse@ii=\toks230
\reponse@i=\toks231
\AMCnum@questions=\count304
\AMCrep@@count=\count305
\amc_memory_elts_count=\count306
\AMChorizAnswerSep=\skip68
\AMChorizBoxSep=\skip69
\AMC@mn@test=\skip70
\AMC@mn@sep=\skip71
\AMC@mn@leftmargin=\skip72
\AMC@mn@rightmargin=\skip73
\AMC@sz@width=\skip74
\AMC@sz@height=\skip75
\AMC@sz@depth=\skip76
\AMC@sza@width=\skip77
\AMC@sza@height=\skip78
\AMC@sza@depth=\skip79
\c@AMCquestionaff=\count307
\ouverte@vs=\dimen159
\AMC@chiffres=\count308
\AMCcodeHspace=\dimen160
\AMCcodeVspace=\dimen161
\amc_code_digit_n_int=\count309
\amc_num_exponent_int=\count310
\amc_todigits_int=\count311
\AMCnumeric@Hspace=\dimen162
\AMCnumeric@Vspace=\dimen163
\amc_num_ndigits_int=\count312
\amc_num_decd_int=\count313
\amc_num_expo_int=\count314
\amc_num_base_int=\count315
\amc_num_exact_int=\count316
\amc_num_approx_int=\count317
\amc_num_digit_value_int=\count318
\amc_num_first_digit_int=\count319
\amc_num_digit_int=\count320
\amc_num_sign_int=\count321
\amc_num_expo_sign_int=\count322
\amc_num_correct_expo_int=\count323
\AMCopen@Hspace=\dimen164
\AMCopen@LineHeight=\dimen165
\AMCopen@Lines=\count324
\AMCopen@boxmargin=\dimen166
\AMCopen@boxframerule=\dimen167
\AMCopen@framerule=\dimen168
\AMC@addpages=\count325
 (/usr/share/texmf-dist/tex/latex/etex-pkg/etex.sty
Package: etex 2016/08/01 v2.7 eTeX basic definition package (PEB,DPC)


Package etex Warning: Extended allocation already in use.
(etex)                etex.sty code will not be used.
(etex)                To force etex package to load, add
(etex)                \RequirePackage{etex}
(etex)                at the start of the document.

) ***CATALOG***
(/usr/share/texmf-dist/tex/latex/geometry/geometry.sty
Package: geometry 2020/01/02 v5.9 Page Geometry

(/usr/share/texmf-dist/tex/generic/iftex/ifvtex.sty
Package: ifvtex 2019/10/25 v1.7 ifvtex legacy package. Use iftex instead.
)
\Gm@cnth=\count326
\Gm@cntv=\count327
\c@Gm@tempcnt=\count328
\Gm@bindingoffset=\dimen169
\Gm@wd@mp=\dimen170
\Gm@odd@mp=\dimen171
\Gm@even@mp=\dimen172
\Gm@layoutwidth=\dimen173
\Gm@layoutheight=\dimen174
\Gm@layouthoffset=\dimen175
\Gm@layoutvoffset=\dimen176
\Gm@dimlist=\toks232
)
\AMC@CSFILE=\write8
\openout8 = `amc-compiled.cs'.

)
(/usr/share/texmf-dist/tex/latex/tools/multicol.sty
Package: multicol 2021/10/28 v1.9b multicolumn formatting (FMi)
\c@tracingmulticols=\count329
\mult@box=\box60
\multicol@leftmargin=\dimen177
\c@unbalance=\count330
\c@collectmore=\count331
\doublecol@number=\count332
\multicoltolerance=\count333
\multicolpretolerance=\count334
\full@width=\dimen178
\page@free=\dimen179
\premulticols=\dimen180
\postmulticols=\dimen181
\multicolsep=\skip80
\multicolbaselineskip=\skip81
\partial@page=\box61
\last@line=\box62
\maxbalancingoverflow=\dimen182
\mult@rightbox=\box63
\mult@grightbox=\box64
\mult@firstbox=\box65
\mult@gfirstbox=\box66
\@tempa=\box67
\@tempa=\box68
\@tempa=\box69
\@tempa=\box70
\@tempa=\box71
\@tempa=\box72
\@tempa=\box73
\@tempa=\box74
\@tempa=\box75
\@tempa=\box76
\@tempa=\box77
\@tempa=\box78
\@tempa=\box79
\@tempa=\box80
\@tempa=\box81
\@tempa=\box82
\@tempa=\box83
\@tempa=\box84
\@tempa=\box85
\@tempa=\box86
\@tempa=\box87
\@tempa=\box88
\@tempa=\box89
\@tempa=\box90
\@tempa=\box91
\@tempa=\box92
\@tempa=\box93
\@tempa=\box94
\@tempa=\box95
\@tempa=\box96
\@tempa=\box97
\@tempa=\box98
\@tempa=\box99
\@tempa=\box100
\@tempa=\box101
\@tempa=\box102
\c@minrows=\count335
\c@columnbadness=\count336
\c@finalcolumnbadness=\count337
\last@try=\dimen183
\multicolovershoot=\dimen184
\multicolundershoot=\dimen185
\mult@nat@firstbox=\box103
\colbreak@box=\box104
\mc@col@check@num=\count338
)

Package fontspec Info: Font family 'LinuxLibertineO(0)' created for font
(fontspec)             'Linux Libertine O' with options [Ligatures=TeX].
(fontspec)              
(fontspec)              This font family consists of the following NFSS
(fontspec)             series/shapes:
(fontspec)              
(fontspec)             - 'normal' (m/n) with NFSS spec.: <->"Linux Libertine
(fontspec)             O/OT:script=latn;language=dflt;mapping=tex-text;"
(fontspec)             - 'small caps'  (m/sc) with NFSS spec.: <->"Linux
(fontspec)             Libertine
(fontspec)             O/OT:script=latn;language=dflt;+smcp;mapping=tex-text;"
(fontspec)             - 'bold' (b/n) with NFSS spec.: <->"Linux Libertine
(fontspec)             O/B/OT:script=latn;language=dflt;mapping=tex-text;"
(fontspec)             - 'bold small caps'  (b/sc) with NFSS spec.: <->"Linux
(fontspec)             Libertine
(fontspec)             O/B/OT:script=latn;language=dflt;+smcp;mapping=tex-text;
"
(fontspec)             - 'italic' (m/it) with NFSS spec.: <->"Linux Libertine
(fontspec)             O/I/OT:script=latn;language=dflt;mapping=tex-text;"
(fontspec)             - 'italic small caps'  (m/scit) with NFSS spec.:
(fontspec)             <->"Linux Libertine
(fontspec)             O/I/OT:script=latn;language=dflt;+smcp;mapping=tex-text;
"
(fontspec)             - 'bold italic' (b/it) with NFSS spec.: <->"Linux
(fontspec)             Libertine
(fontspec)             O/BI/OT:script=latn;language=dflt;mapping=tex-text;"
(fontspec)             - 'bold italic small caps'  (b/scit) with NFSS spec.:
(fontspec)             <->"Linux Libertine
(fontspec)             O/BI/OT:script=latn;language=dflt;+smcp;mapping=tex-text
;"

 (./amc-compiled.aux)
\openout1 = `amc-compiled.aux'.

LaTeX Font Info:    Checking defaults for OML/cmm/m/it on input line 7.
LaTeX Font Info:    ... okay on input line 7.
LaTeX Font Info:    Checking defaults for OMS/cmsy/m/n on input line 7.
LaTeX Font Info:    ... okay on input line 7.
LaTeX Font Info:    Checking defaults for OT1/cmr/m/n on input line 7.
LaTeX Font Info:    ... okay on input line 7.
LaTeX Font Info:    Checking defaults for T1/cmr/m/n on input line 7.
LaTeX Font Info:    ... okay on input line 7.
LaTeX Font Info:    Checking defaults for TS1/cmr/m/n on input line 7.
LaTeX Font Info:    Trying to load font information for TS1+cmr on input line 7
.

(/usr/share/texmf-dist/tex/latex/base/ts1cmr.fd
File: ts1cmr.fd 2019/12/16 v2.5j Standard LaTeX font definitions
)
LaTeX Font Info:    ... okay on input line 7.
LaTeX Font Info:    Checking defaults for TU/lmr/m/n on input line 7.
LaTeX Font Info:    ... okay on input line 7.
LaTeX Font Info:    Checking defaults for OMX/cmex/m/n on input line 7.
LaTeX Font Info:    ... okay on input line 7.
LaTeX Font Info:    Checking defaults for U/cmr/m/n on input line 7.
LaTeX Font Info:    ... okay on input line 7.

Package fontspec Info: Adjusting the maths setup (use [no-math] to avoid
(fontspec)             this).

\symlegacymaths=\mathgroup4
LaTeX Font Info:    Overwriting symbol font `legacymaths' in version `bold'
(Font)                  OT1/cmr/m/n --> OT1/cmr/bx/n on input line 7.
LaTeX Font Info:    Redeclaring math accent \acute on input line 7.
LaTeX Font Info:    Redeclaring math accent \grave on input line 7.
LaTeX Font Info:    Redeclaring math accent \ddot on input line 7.
LaTeX Font Info:    Redeclaring math accent \tilde on input line 7.
LaTeX Font Info:    Redeclaring math accent \bar on input line 7.
LaTeX Font Info:    Redeclaring math accent \breve on input line 7.
LaTeX Font Info:    Redeclaring math accent \check on input line 7.
LaTeX Font Info:    Redeclaring math accent \hat on input line 7.
LaTeX Font Info:    Redeclaring math accent \dot on input line 7.
LaTeX Font Info:    Redeclaring math accent \mathring on input line 7.
LaTeX Font Info:    Redeclaring math symbol \colon on input line 7.
LaTeX Font Info:    Redeclaring math symbol \Gamma on input line 7.
LaTeX Font Info:    Redeclaring math symbol \Delta on input line 7.
LaTeX Font Info:    Redeclaring math symbol \Theta on input line 7.
LaTeX Font Info:    Redeclaring math symbol \Lambda on input line 7.
LaTeX Font Info:    Redeclaring math symbol \Xi on input line 7.
LaTeX Font Info:    Redeclaring math symbol \Pi on input line 7.
LaTeX Font Info:    Redeclaring math symbol \Sigma on input line 7.
LaTeX Font Info:    Redeclaring math symbol \Upsilon on input line 7.
LaTeX Font Info:    Redeclaring math symbol \Phi on input line 7.
LaTeX Font Info:    Redeclaring math symbol \Psi on input line 7.
LaTeX Font Info:    Redeclaring math symbol \Omega on input line 7.
LaTeX Font Info:    Redeclaring math symbol \mathdollar on input line 7.
LaTeX Font Info:    Redeclaring symbol font `operators' on input line 7.
LaTeX Font Info:    Encoding `OT1' has changed to `TU' for symbol font
(Font)              `operators' in the math version `normal' on input line 7.
LaTeX Font Info:    Overwriting symbol font `operators' in version `normal'
(Font)                  OT1/cmr/m/n --> TU/LinuxLibertineO(0)/m/n on input line
 7.
LaTeX Font Info:    Encoding `OT1' has changed to `TU' for symbol font
(Font)              `operators' in the math version `bold' on input line 7.
LaTeX Font Info:    Overwriting symbol font `operators' in version `bold'
(Font)                  OT1/cmr/bx/n --> TU/LinuxLibertineO(0)/m/n on input lin
e 7.
LaTeX Font Info:    Overwriting symbol font `operators' in version `normal'
(Font)                  TU/LinuxLibertineO(0)/m/n --> TU/LinuxLibertineO(0)/m/n
 on input line 7.
LaTeX Font Info:    Overwriting math alphabet `\mathit' in version `normal'
(Font)                  OT1/cmr/m/it --> TU/LinuxLibertineO(0)/m/it on input li
ne 7.
LaTeX Font Info:    Overwriting math alphabet `\mathbf' in version `normal'
(Font)                  OT1/cmr/bx/n --> TU/LinuxLibertineO(0)/b/n on input lin
e 7.
LaTeX Font Info:    Overwriting math alphabet `\mathsf' in version `normal'
(Font)                  OT1/cmss/m/n --> TU/lmss/m/n on input line 7.
LaTeX Font Info:    Overwriting math alphabet `\mathtt' in version `normal'
(Font)                  OT1/cmtt/m/n --> TU/lmtt/m/n on input line 7.
LaTeX Font Info:    Overwriting symbol font `operators' in version `bold'
(Font)                  TU/LinuxLibertineO(0)/m/n --> TU/LinuxLibertineO(0)/b/n
 on input line 7.
LaTeX Font Info:    Overwriting math alphabet `\mathit' in version `bold'
(Font)                  OT1/cmr/bx/it --> TU/LinuxLibertineO(0)/b/it on input l
ine 7.
LaTeX Font Info:    Overwriting math alphabet `\mathsf' in version `bold'
(Font)                  OT1/cmss/bx/n --> TU/lmss/b/n on input line 7.
LaTeX Font Info:    Overwriting math alphabet `\mathtt' in version `bold'
(Font)                  OT1/cmtt/m/n --> TU/lmtt/b/n on input line 7.
\AMC@ovalbox@R=\box105
\AMC@ovalbox@RF=\box106
\AMC@ovalbox@=\box107
\AMC@ovalbox@F=\box108

*geometry* driver: auto-detecting
*geometry* detected driver: xetex
*geometry* verbose mode - [ preamble ] result:
* driver: xetex
* paper: a4paper
* layout: <same size as paper>
* layoutoffset:(h,v)=(0.0pt,0.0pt)
* modes: includehead includefoot 
* h-part:(L,W,R)=(85.35826pt, 426.79135pt, 85.35826pt)
* v-part:(T,H,B)=(28.45274pt, 788.14136pt, 28.45274pt)
* \paperwidth=597.50787pt
* \paperheight=845.04684pt
* \textwidth=426.79135pt
* \textheight=706.23587pt
* \oddsidemargin=13.08827pt
* \evensidemargin=13.08827pt
* \topmargin=-43.81725pt
* \headheight=28.45274pt
* \headsep=25.0pt
* \topskip=10.0pt
* \footskip=28.45274pt
* \marginparwidth=65.0pt
* \marginparsep=11.0pt
* \columnsep=10.0pt
* \skip\footins=9.0pt plus 4.0pt minus 2.0pt
* \hoffset=0.0pt
* \voffset=0.0pt
* \mag=1000
* \@twocolumnfalse
* \@twosidefalse
* \@mparswitchfalse
* \@reversemarginfalse
* (1in=72.27pt=25.4mm, 1cm=28.453pt)

\grG@k=\count339
\AMCgrG@j=\count340
\grG@i=\toks233
\grG@ii=\toks234
\grG@iii=\toks235
\grG@iv=\toks236
\grG@v=\toks237
\unnamedB@k=\count341
\AMCunnamedB@j=\count342
\unnamedB@i=\toks238
\unnamedB@ii=\toks239
\unnamedB@iii=\toks240
\unnamedC@k=\count343
\AMCunnamedC@j=\count344
\unnamedC@i=\toks241
\unnamedC@ii=\toks242
\unnamedD@k=\count345
\AMCunnamedD@j=\count346
\unnamedD@i=\toks243
\unnamedD@ii=\toks244
\unnamedE@k=\count347
\AMCunnamedE@j=\count348
\unnamedE@i=\toks245
\unnamedE@ii=\toks246
\unnamedF@k=\count349
\AMCunnamedF@j=\count350
\unnamedF@i=\toks247
\unnamedF@ii=\toks248
LaTeX Font Info:    External font `cmex10' loaded for size
(Font)              <7> on input line 180.
LaTeX Font Info:    External font `cmex10' loaded for size
(Font)              <5> on input line 180.
LaTeX Font Info:    Font shape `TU/lmtt/bx/n' in size <10> not available
(Font)              Font shape `TU/lmtt/b/n' tried instead on input line 180.
[1

]
Underfull \hbox (badness 5771) in paragraph at lines 180--180
\TU/LinuxLibertineO(0)/b/n/10 Question [\TU/lmtt/b/n/10 Q010\TU/LinuxLibertineO
(0)/b/n/10 ] |  \TU/LinuxLibertineO(0)/m/n/10 Faites un bilan de l’enseignement
 Informatique et Société en IUT  | 
 []

[2] [3] (./amc-compiled.aux) ) 
Here is how much of TeX's memory you used:
 8630 strings out of 476156
 202970 string characters out of 5814963
 624449 words of memory out of 5000000
 29281 multiletter control sequences out of 15000+600000
 469875 words of font info for 48 fonts, out of 8000000 for 9000
 1348 hyphenation exceptions out of 8191
 87i,12n,91p,335b,348s stack positions out of 5000i,500n,10000p,200000b,80000s

Output written on amc-compiled.pdf (3 pages).
